??:??:?? **** Clean-only build of configuration Debug for project MINI_PROJECT_3 ****
make clean 
rm -rf  ./ADC_DRIVER.o ./DC_motor.o ./application.o ./gpio.o ./lcd.o ./lm35_sensor.o ./pwm.o  sizedummy  MINI_PROJECT_3.lss  ./ADC_DRIVER.d ./DC_motor.d ./application.d ./gpio.d ./lcd.d ./lm35_sensor.d ./pwm.d  MINI_PROJECT_3.elf
 
??:??:?? **** Build of configuration Debug for project MINI_PROJECT_3 ****
make all 
Building file: ../.metadata/.plugins/org.eclipse.cdt.make.core/specs.c
Invoking: AVR Compiler
avr-gcc -Wall -g2 -gstabs -O0 -fpack-struct -fshort-enums -ffunction-sections -fdata-sections -std=gnu99 -funsigned-char -funsigned-bitfields -mmcu=atmega16 -DF_CPU=1000000UL -MMD -MP -MF".metadata/.plugins/org.eclipse.cdt.make.core/specs.d" -MT".metadata/.plugins/org.eclipse.cdt.make.core/specs.o" -c -o ".metadata/.plugins/org.eclipse.cdt.make.core/specs.o" "../.metadata/.plugins/org.eclipse.cdt.make.core/specs.c"
Finished building: ../.metadata/.plugins/org.eclipse.cdt.make.core/specs.c
 
Building file: ../ADC_DRIVER.c
Invoking: AVR Compiler
avr-gcc -Wall -g2 -gstabs -O0 -fpack-struct -fshort-enums -ffunction-sections -fdata-sections -std=gnu99 -funsigned-char -funsigned-bitfields -mmcu=atmega16 -DF_CPU=1000000UL -MMD -MP -MF"ADC_DRIVER.d" -MT"ADC_DRIVER.o" -c -o "ADC_DRIVER.o" "../ADC_DRIVER.c"
Finished building: ../ADC_DRIVER.c
 
Building file: ../DC_motor.c
Invoking: AVR Compiler
avr-gcc -Wall -g2 -gstabs -O0 -fpack-struct -fshort-enums -ffunction-sections -fdata-sections -std=gnu99 -funsigned-char -funsigned-bitfields -mmcu=atmega16 -DF_CPU=1000000UL -MMD -MP -MF"DC_motor.d" -MT"DC_motor.o" -c -o "DC_motor.o" "../DC_motor.c"
../DC_motor.c:17:17: warning: pwm.h: No such file or directory
../DC_motor.c: In function 'DcMotor_Init':
../DC_motor.c:27: warning: implicit declaration of function 'GPIO_setupPinDiretion'
../DC_motor.c: In function 'DcMotor_Rotate':
../DC_motor.c:45: warning: implicit declaration of function 'PWM_Timer0_Start'
Finished building: ../DC_motor.c
 
Building file: ../application.c
Invoking: AVR Compiler
avr-gcc -Wall -g2 -gstabs -O0 -fpack-struct -fshort-enums -ffunction-sections -fdata-sections -std=gnu99 -funsigned-char -funsigned-bitfields -mmcu=atmega16 -DF_CPU=1000000UL -MMD -MP -MF"application.d" -MT"application.o" -c -o "application.o" "../application.c"
../application.c: In function 'main':
../application.c:21: error: 'ADC_ConfigType' undeclared (first use in this function)
../application.c:21: error: (Each undeclared identifier is reported only once
../application.c:21: error: for each function it appears in.)
../application.c:21: error: expected ';' before 'chosen'
../application.c:22: error: 'Config_ptr' undeclared (first use in this function)
../application.c:22: error: 'chosen' undeclared (first use in this function)
../application.c:23: warning: implicit declaration of function 'ADC_init'
make: *** [application.o] Error 1
"make all" terminated with exit code 2. Build might be incomplete.
??:??:?? **** Incremental Build of configuration Debug for project MINI_PROJECT_3 ****
make all 
Building file: ../DC_motor.c
Invoking: AVR Compiler
avr-gcc -Wall -g2 -gstabs -O0 -fpack-struct -fshort-enums -ffunction-sections -fdata-sections -std=gnu99 -funsigned-char -funsigned-bitfields -mmcu=atmega16 -DF_CPU=1000000UL -MMD -MP -MF"DC_motor.d" -MT"DC_motor.o" -c -o "DC_motor.o" "../DC_motor.c"
../DC_motor.c: In function 'DcMotor_Init':
../DC_motor.c:27: warning: implicit declaration of function 'GPIO_setupPinDiretion'
Finished building: ../DC_motor.c
 
Building file: ../application.c
Invoking: AVR Compiler
avr-gcc -Wall -g2 -gstabs -O0 -fpack-struct -fshort-enums -ffunction-sections -fdata-sections -std=gnu99 -funsigned-char -funsigned-bitfields -mmcu=atmega16 -DF_CPU=1000000UL -MMD -MP -MF"application.d" -MT"application.o" -c -o "application.o" "../application.c"
../application.c: In function 'main':
../application.c:21: error: 'ADC_ConfigType' undeclared (first use in this function)
../application.c:21: error: (Each undeclared identifier is reported only once
../application.c:21: error: for each function it appears in.)
../application.c:21: error: expected ';' before 'chosen'
../application.c:22: error: 'Config_ptr' undeclared (first use in this function)
../application.c:22: error: 'chosen' undeclared (first use in this function)
../application.c:23: warning: implicit declaration of function 'ADC_init'
make: *** [application.o] Error 1
"make all" terminated with exit code 2. Build might be incomplete.
??:??:?? **** Incremental Build of configuration Debug for project MINI_PROJECT_3 ****
make all 
Building file: ../application.c
Invoking: AVR Compiler
avr-gcc -Wall -g2 -gstabs -O0 -fpack-struct -fshort-enums -ffunction-sections -fdata-sections -std=gnu99 -funsigned-char -funsigned-bitfields -mmcu=atmega16 -DF_CPU=1000000UL -MMD -MP -MF"application.d" -MT"application.o" -c -o "application.o" "../application.c"
../application.c: In function 'main':
../application.c:23: error: 'ADC_ConfigType' undeclared (first use in this function)
../application.c:23: error: (Each undeclared identifier is reported only once
../application.c:23: error: for each function it appears in.)
../application.c:23: error: expected ';' before 'ConfigType'
../application.c:24: error: 'ConfigType' undeclared (first use in this function)
../application.c:24: error: 'Internal' undeclared (first use in this function)
../application.c:25: error: 'F_CPU_8' undeclared (first use in this function)
../application.c:26: error: 'Config_ptr' undeclared (first use in this function)
../application.c:27: warning: implicit declaration of function 'ADC_init'
make: *** [application.o] Error 1
"make all" terminated with exit code 2. Build might be incomplete.
??:??:?? **** Incremental Build of configuration Debug for project MINI_PROJECT_3 ****
make all 
Building file: ../application.c
Invoking: AVR Compiler
avr-gcc -Wall -g2 -gstabs -O0 -fpack-struct -fshort-enums -ffunction-sections -fdata-sections -std=gnu99 -funsigned-char -funsigned-bitfields -mmcu=atmega16 -DF_CPU=1000000UL -MMD -MP -MF"application.d" -MT"application.o" -c -o "application.o" "../application.c"
Finished building: ../application.c
 
Building file: ../gpio.c
Invoking: AVR Compiler
avr-gcc -Wall -g2 -gstabs -O0 -fpack-struct -fshort-enums -ffunction-sections -fdata-sections -std=gnu99 -funsigned-char -funsigned-bitfields -mmcu=atmega16 -DF_CPU=1000000UL -MMD -MP -MF"gpio.d" -MT"gpio.o" -c -o "gpio.o" "../gpio.c"
Finished building: ../gpio.c
 
Building file: ../lcd.c
Invoking: AVR Compiler
avr-gcc -Wall -g2 -gstabs -O0 -fpack-struct -fshort-enums -ffunction-sections -fdata-sections -std=gnu99 -funsigned-char -funsigned-bitfields -mmcu=atmega16 -DF_CPU=1000000UL -MMD -MP -MF"lcd.d" -MT"lcd.o" -c -o "lcd.o" "../lcd.c"
In file included from ../lcd.c:13:
c:/winavr-20100110/lib/gcc/../../avr/include/util/delay.h:90:3: warning: #warning "Compiler optimizations disabled; functions from <util/delay.h> won't work as designed"
../lcd.c: In function 'LCD_sendCommand':
../lcd.c:62: warning: unused variable 'lcd_port_value'
../lcd.c: In function 'LCD_displayCharacter':
../lcd.c:112: warning: unused variable 'lcd_port_value'
../lcd.c: In function 'LCD_intgerToString':
../lcd.c:222: warning: implicit declaration of function 'itoa'
Finished building: ../lcd.c
 
Building file: ../lm35_sensor.c
Invoking: AVR Compiler
avr-gcc -Wall -g2 -gstabs -O0 -fpack-struct -fshort-enums -ffunction-sections -fdata-sections -std=gnu99 -funsigned-char -funsigned-bitfields -mmcu=atmega16 -DF_CPU=1000000UL -MMD -MP -MF"lm35_sensor.d" -MT"lm35_sensor.o" -c -o "lm35_sensor.o" "../lm35_sensor.c"
Finished building: ../lm35_sensor.c
 
Building file: ../pwm.c
Invoking: AVR Compiler
avr-gcc -Wall -g2 -gstabs -O0 -fpack-struct -fshort-enums -ffunction-sections -fdata-sections -std=gnu99 -funsigned-char -funsigned-bitfields -mmcu=atmega16 -DF_CPU=1000000UL -MMD -MP -MF"pwm.d" -MT"pwm.o" -c -o "pwm.o" "../pwm.c"
../pwm.c: In function 'PWM_Timer0_Start':
../pwm.c:48: error: called object 'GPIO_writePin(1u, 3u, 1u)' is not a function
make: *** [pwm.o] Error 1
"make all" terminated with exit code 2. Build might be incomplete.
??:??:?? **** Incremental Build of configuration Debug for project MINI_PROJECT_3 ****
make all 
Building file: ../pwm.c
Invoking: AVR Compiler
avr-gcc -Wall -g2 -gstabs -O0 -fpack-struct -fshort-enums -ffunction-sections -fdata-sections -std=gnu99 -funsigned-char -funsigned-bitfields -mmcu=atmega16 -DF_CPU=1000000UL -MMD -MP -MF"pwm.d" -MT"pwm.o" -c -o "pwm.o" "../pwm.c"
../pwm.c: In function 'PWM_Timer0_Start':
../pwm.c:48: error: called object 'GPIO_writePin(1u, 3u, 1u)' is not a function
make: *** [pwm.o] Error 1
"make all" terminated with exit code 2. Build might be incomplete.
??:??:?? **** Incremental Build of configuration Debug for project MINI_PROJECT_3 ****
make all 
Building file: ../pwm.c
Invoking: AVR Compiler
avr-gcc -Wall -g2 -gstabs -O0 -fpack-struct -fshort-enums -ffunction-sections -fdata-sections -std=gnu99 -funsigned-char -funsigned-bitfields -mmcu=atmega16 -DF_CPU=1000000UL -MMD -MP -MF"pwm.d" -MT"pwm.o" -c -o "pwm.o" "../pwm.c"
../pwm.c: In function 'PWM_Timer0_Start':
../pwm.c:40: warning: implicit declaration of function 'GPIO_setupePinDirection'
../pwm.c:48: error: called object 'GPIO_setupePinDirection(1, 3, 1)' is not a function
make: *** [pwm.o] Error 1
"make all" terminated with exit code 2. Build might be incomplete.
??:??:?? **** Incremental Build of configuration Debug for project MINI_PROJECT_3 ****
make all 
Building file: ../pwm.c
Invoking: AVR Compiler
avr-gcc -Wall -g2 -gstabs -O0 -fpack-struct -fshort-enums -ffunction-sections -fdata-sections -std=gnu99 -funsigned-char -funsigned-bitfields -mmcu=atmega16 -DF_CPU=1000000UL -MMD -MP -MF"pwm.d" -MT"pwm.o" -c -o "pwm.o" "../pwm.c"
Finished building: ../pwm.c
 
Building target: MINI_PROJECT_3.elf
Invoking: AVR C Linker
avr-gcc -Wl,-Map,MINI_PROJECT_3.map -mmcu=atmega16 -o "MINI_PROJECT_3.elf"  ./.metadata/.plugins/org.eclipse.cdt.make.core/specs.o  ./ADC_DRIVER.o ./DC_motor.o ./application.o ./gpio.o ./lcd.o ./lm35_sensor.o ./pwm.o   
./DC_motor.o: In function `DcMotor_Init':
../DC_motor.c:27: undefined reference to `GPIO_setupPinDiretion'
make: *** [MINI_PROJECT_3.elf] Error 1
"make all" terminated with exit code 2. Build might be incomplete.
??:??:?? **** Incremental Build of configuration Debug for project MINI_PROJECT_3 ****
make all 
Building file: ../DC_motor.c
Invoking: AVR Compiler
avr-gcc -Wall -g2 -gstabs -O0 -fpack-struct -fshort-enums -ffunction-sections -fdata-sections -std=gnu99 -funsigned-char -funsigned-bitfields -mmcu=atmega16 -DF_CPU=1000000UL -MMD -MP -MF"DC_motor.d" -MT"DC_motor.o" -c -o "DC_motor.o" "../DC_motor.c"
Finished building: ../DC_motor.c
 
Building target: MINI_PROJECT_3.elf
Invoking: AVR C Linker
avr-gcc -Wl,-Map,MINI_PROJECT_3.map -mmcu=atmega16 -o "MINI_PROJECT_3.elf"  ./.metadata/.plugins/org.eclipse.cdt.make.core/specs.o  ./ADC_DRIVER.o ./DC_motor.o ./application.o ./gpio.o ./lcd.o ./lm35_sensor.o ./pwm.o   
Finished building target: MINI_PROJECT_3.elf
 
Invoking: AVR Create Extended Listing
avr-objdump -h -S MINI_PROJECT_3.elf  >"MINI_PROJECT_3.lss"
Finished building: MINI_PROJECT_3.lss
 
Invoking: Print Size
avr-size --format=avr --mcu=atmega16 MINI_PROJECT_3.elf
AVR Memory Usage
----------------
Device: atmega16

Program:    9326 bytes (56.9% Full)
(.text + .data + .bootloader)

Data:        296 bytes (28.9% Full)
(.data + .bss + .noinit)


Finished building: sizedummy
 
??:??:?? **** Incremental Build of configuration Debug for project MINI_PROJECT_3 ****
make all 
Invoking: Print Size
avr-size --format=avr --mcu=atmega16 MINI_PROJECT_3.elf
AVR Memory Usage
----------------
Device: atmega16

Program:    9326 bytes (56.9% Full)
(.text + .data + .bootloader)

Data:        296 bytes (28.9% Full)
(.data + .bss + .noinit)


Finished building: sizedummy
 
??:??:?? **** Incremental Build of configuration Debug for project MINI_PROJECT_3 ****
make all 
Invoking: Print Size
avr-size --format=avr --mcu=atmega16 MINI_PROJECT_3.elf
AVR Memory Usage
----------------
Device: atmega16

Program:    9326 bytes (56.9% Full)
(.text + .data + .bootloader)

Data:        296 bytes (28.9% Full)
(.data + .bss + .noinit)


Finished building: sizedummy
 
??:??:?? **** Incremental Build of configuration Debug for project MINI_PROJECT_3 ****
make all 
Building file: ../DC_motor.c
Invoking: AVR Compiler
avr-gcc -Wall -g2 -gstabs -O0 -fpack-struct -fshort-enums -ffunction-sections -fdata-sections -std=gnu99 -funsigned-char -funsigned-bitfields -mmcu=atmega16 -DF_CPU=1000000UL -MMD -MP -MF"DC_motor.d" -MT"DC_motor.o" -c -o "DC_motor.o" "../DC_motor.c"
Finished building: ../DC_motor.c
 
Building target: MINI_PROJECT_3.elf
Invoking: AVR C Linker
avr-gcc -Wl,-Map,MINI_PROJECT_3.map -mmcu=atmega16 -o "MINI_PROJECT_3.elf"  ./.metadata/.plugins/org.eclipse.cdt.make.core/specs.o  ./ADC_DRIVER.o ./DC_motor.o ./application.o ./gpio.o ./lcd.o ./lm35_sensor.o ./pwm.o   
Finished building target: MINI_PROJECT_3.elf
 
Invoking: AVR Create Extended Listing
avr-objdump -h -S MINI_PROJECT_3.elf  >"MINI_PROJECT_3.lss"
Finished building: MINI_PROJECT_3.lss
 
Invoking: Print Size
avr-size --format=avr --mcu=atmega16 MINI_PROJECT_3.elf
AVR Memory Usage
----------------
Device: atmega16

Program:    9358 bytes (57.1% Full)
(.text + .data + .bootloader)

Data:        296 bytes (28.9% Full)
(.data + .bss + .noinit)


Finished building: sizedummy
 
??:??:?? **** Incremental Build of configuration Debug for project MINI_PROJECT_3 ****
make all 
Building file: ../DC_motor.c
Invoking: AVR Compiler
avr-gcc -Wall -g2 -gstabs -O0 -fpack-struct -fshort-enums -ffunction-sections -fdata-sections -std=gnu99 -funsigned-char -funsigned-bitfields -mmcu=atmega16 -DF_CPU=1000000UL -MMD -MP -MF"DC_motor.d" -MT"DC_motor.o" -c -o "DC_motor.o" "../DC_motor.c"
../DC_motor.c: In function 'DcMotor_Init':
../DC_motor.c:28: warning: implicit declaration of function 'GPIO_setupPinDiretion'
Finished building: ../DC_motor.c
 
Building file: ../application.c
Invoking: AVR Compiler
avr-gcc -Wall -g2 -gstabs -O0 -fpack-struct -fshort-enums -ffunction-sections -fdata-sections -std=gnu99 -funsigned-char -funsigned-bitfields -mmcu=atmega16 -DF_CPU=1000000UL -MMD -MP -MF"application.d" -MT"application.o" -c -o "application.o" "../application.c"
Finished building: ../application.c
 
Building target: MINI_PROJECT_3.elf
Invoking: AVR C Linker
avr-gcc -Wl,-Map,MINI_PROJECT_3.map -mmcu=atmega16 -o "MINI_PROJECT_3.elf"  ./.metadata/.plugins/org.eclipse.cdt.make.core/specs.o  ./ADC_DRIVER.o ./DC_motor.o ./application.o ./gpio.o ./lcd.o ./lm35_sensor.o ./pwm.o   
./DC_motor.o: In function `DcMotor_Init':
../DC_motor.c:28: undefined reference to `GPIO_setupPinDiretion'
make: *** [MINI_PROJECT_3.elf] Error 1
"make all" terminated with exit code 2. Build might be incomplete.
??:??:?? **** Incremental Build of configuration Debug for project MINI_PROJECT_3 ****
make all 
Building file: ../DC_motor.c
Invoking: AVR Compiler
avr-gcc -Wall -g2 -gstabs -O0 -fpack-struct -fshort-enums -ffunction-sections -fdata-sections -std=gnu99 -funsigned-char -funsigned-bitfields -mmcu=atmega16 -DF_CPU=1000000UL -MMD -MP -MF"DC_motor.d" -MT"DC_motor.o" -c -o "DC_motor.o" "../DC_motor.c"
Finished building: ../DC_motor.c
 
Building target: MINI_PROJECT_3.elf
Invoking: AVR C Linker
avr-gcc -Wl,-Map,MINI_PROJECT_3.map -mmcu=atmega16 -o "MINI_PROJECT_3.elf"  ./.metadata/.plugins/org.eclipse.cdt.make.core/specs.o  ./ADC_DRIVER.o ./DC_motor.o ./application.o ./gpio.o ./lcd.o ./lm35_sensor.o ./pwm.o   
Finished building target: MINI_PROJECT_3.elf
 
Invoking: AVR Create Extended Listing
avr-objdump -h -S MINI_PROJECT_3.elf  >"MINI_PROJECT_3.lss"
Finished building: MINI_PROJECT_3.lss
 
Invoking: Print Size
avr-size --format=avr --mcu=atmega16 MINI_PROJECT_3.elf
AVR Memory Usage
----------------
Device: atmega16

Program:    9346 bytes (57.0% Full)
(.text + .data + .bootloader)

Data:        296 bytes (28.9% Full)
(.data + .bss + .noinit)


Finished building: sizedummy
 
??:??:?? **** Incremental Build of configuration Debug for project MINI_PROJECT_3 ****
make all 
Building file: ../DC_motor.c
Invoking: AVR Compiler
avr-gcc -Wall -g2 -gstabs -O0 -fpack-struct -fshort-enums -ffunction-sections -fdata-sections -std=gnu99 -funsigned-char -funsigned-bitfields -mmcu=atmega16 -DF_CPU=1000000UL -MMD -MP -MF"DC_motor.d" -MT"DC_motor.o" -c -o "DC_motor.o" "../DC_motor.c"
Finished building: ../DC_motor.c
 
Building target: MINI_PROJECT_3.elf
Invoking: AVR C Linker
avr-gcc -Wl,-Map,MINI_PROJECT_3.map -mmcu=atmega16 -o "MINI_PROJECT_3.elf"  ./.metadata/.plugins/org.eclipse.cdt.make.core/specs.o  ./ADC_DRIVER.o ./DC_motor.o ./application.o ./gpio.o ./lcd.o ./lm35_sensor.o ./pwm.o   
Finished building target: MINI_PROJECT_3.elf
 
Invoking: AVR Create Extended Listing
avr-objdump -h -S MINI_PROJECT_3.elf  >"MINI_PROJECT_3.lss"
Finished building: MINI_PROJECT_3.lss
 
Invoking: Print Size
avr-size --format=avr --mcu=atmega16 MINI_PROJECT_3.elf
AVR Memory Usage
----------------
Device: atmega16

Program:    9346 bytes (57.0% Full)
(.text + .data + .bootloader)

Data:        296 bytes (28.9% Full)
(.data + .bss + .noinit)


Finished building: sizedummy
 
??:??:?? **** Incremental Build of configuration Debug for project MINI_PROJECT_3 ****
make all 
Invoking: Print Size
avr-size --format=avr --mcu=atmega16 MINI_PROJECT_3.elf
AVR Memory Usage
----------------
Device: atmega16

Program:    9346 bytes (57.0% Full)
(.text + .data + .bootloader)

Data:        296 bytes (28.9% Full)
(.data + .bss + .noinit)


Finished building: sizedummy
 
??:??:?? **** Incremental Build of configuration Debug for project MINI_PROJECT_3 ****
make all 
Building file: ../DC_motor.c
Invoking: AVR Compiler
avr-gcc -Wall -g2 -gstabs -O0 -fpack-struct -fshort-enums -ffunction-sections -fdata-sections -std=gnu99 -funsigned-char -funsigned-bitfields -mmcu=atmega16 -DF_CPU=1000000UL -MMD -MP -MF"DC_motor.d" -MT"DC_motor.o" -c -o "DC_motor.o" "../DC_motor.c"
../DC_motor.c: In function 'DcMotor_Init':
../DC_motor.c:33: error: 'SELECTED_PORT_NUM' undeclared (first use in this function)
../DC_motor.c:33: error: (Each undeclared identifier is reported only once
../DC_motor.c:33: error: for each function it appears in.)
../DC_motor.c:33: error: 'FIRST_SELECTED_PIN_NUM' undeclared (first use in this function)
../DC_motor.c:34: error: 'SECOND_SELECTED_PIN_NUM' undeclared (first use in this function)
../DC_motor.c: In function 'DcMotor_Rotate':
../DC_motor.c:41: error: 'SELECTED_PORT_NUM' undeclared (first use in this function)
../DC_motor.c:41: error: 'FIRST_SELECTED_PIN_NUM' undeclared (first use in this function)
../DC_motor.c:42: error: 'SECOND_SELECTED_PIN_NUM' undeclared (first use in this function)
make: *** [DC_motor.o] Error 1
"make all" terminated with exit code 2. Build might be incomplete.
??:??:?? **** Incremental Build of configuration Debug for project MINI_PROJECT_3 ****
make all 
Building file: ../DC_motor.c
Invoking: AVR Compiler
avr-gcc -Wall -g2 -gstabs -O0 -fpack-struct -fshort-enums -ffunction-sections -fdata-sections -std=gnu99 -funsigned-char -funsigned-bitfields -mmcu=atmega16 -DF_CPU=1000000UL -MMD -MP -MF"DC_motor.d" -MT"DC_motor.o" -c -o "DC_motor.o" "../DC_motor.c"
Finished building: ../DC_motor.c
 
Building file: ../application.c
Invoking: AVR Compiler
avr-gcc -Wall -g2 -gstabs -O0 -fpack-struct -fshort-enums -ffunction-sections -fdata-sections -std=gnu99 -funsigned-char -funsigned-bitfields -mmcu=atmega16 -DF_CPU=1000000UL -MMD -MP -MF"application.d" -MT"application.o" -c -o "application.o" "../application.c"
Finished building: ../application.c
 
Building target: MINI_PROJECT_3.elf
Invoking: AVR C Linker
avr-gcc -Wl,-Map,MINI_PROJECT_3.map -mmcu=atmega16 -o "MINI_PROJECT_3.elf"  ./.metadata/.plugins/org.eclipse.cdt.make.core/specs.o  ./ADC_DRIVER.o ./DC_motor.o ./application.o ./gpio.o ./lcd.o ./lm35_sensor.o ./pwm.o   
Finished building target: MINI_PROJECT_3.elf
 
Invoking: AVR Create Extended Listing
avr-objdump -h -S MINI_PROJECT_3.elf  >"MINI_PROJECT_3.lss"
Finished building: MINI_PROJECT_3.lss
 
Invoking: Print Size
avr-size --format=avr --mcu=atmega16 MINI_PROJECT_3.elf
AVR Memory Usage
----------------
Device: atmega16

Program:    9346 bytes (57.0% Full)
(.text + .data + .bootloader)

Data:        296 bytes (28.9% Full)
(.data + .bss + .noinit)


Finished building: sizedummy
 
??:??:?? **** Incremental Build of configuration Debug for project MINI_PROJECT_3 ****
make all 
Invoking: Print Size
avr-size --format=avr --mcu=atmega16 MINI_PROJECT_3.elf
AVR Memory Usage
----------------
Device: atmega16

Program:    9346 bytes (57.0% Full)
(.text + .data + .bootloader)

Data:        296 bytes (28.9% Full)
(.data + .bss + .noinit)


Finished building: sizedummy
 
??:??:?? **** Incremental Build of configuration Debug for project MINI_PROJECT_3 ****
make all 
Building file: ../pwm.c
Invoking: AVR Compiler
avr-gcc -Wall -g2 -gstabs -O0 -fpack-struct -fshort-enums -ffunction-sections -fdata-sections -std=gnu99 -funsigned-char -funsigned-bitfields -mmcu=atmega16 -DF_CPU=1000000UL -MMD -MP -MF"pwm.d" -MT"pwm.o" -c -o "pwm.o" "../pwm.c"
../pwm.c: In function 'PWM_Timer0_Start':
../pwm.c:48: error: called object 'GPIO_setupPinDirection(1u, 3u, 1u)' is not a function
make: *** [pwm.o] Error 1
"make all" terminated with exit code 2. Build might be incomplete.
??:??:?? **** Incremental Build of configuration Debug for project MINI_PROJECT_3 ****
make all 
Building file: ../DC_motor.c
Invoking: AVR Compiler
avr-gcc -Wall -g2 -gstabs -O0 -fpack-struct -fshort-enums -ffunction-sections -fdata-sections -std=gnu99 -funsigned-char -funsigned-bitfields -mmcu=atmega16 -DF_CPU=1000000UL -MMD -MP -MF"DC_motor.d" -MT"DC_motor.o" -c -o "DC_motor.o" "../DC_motor.c"
Finished building: ../DC_motor.c
 
Building file: ../application.c
Invoking: AVR Compiler
avr-gcc -Wall -g2 -gstabs -O0 -fpack-struct -fshort-enums -ffunction-sections -fdata-sections -std=gnu99 -funsigned-char -funsigned-bitfields -mmcu=atmega16 -DF_CPU=1000000UL -MMD -MP -MF"application.d" -MT"application.o" -c -o "application.o" "../application.c"
Finished building: ../application.c
 
Building file: ../pwm.c
Invoking: AVR Compiler
avr-gcc -Wall -g2 -gstabs -O0 -fpack-struct -fshort-enums -ffunction-sections -fdata-sections -std=gnu99 -funsigned-char -funsigned-bitfields -mmcu=atmega16 -DF_CPU=1000000UL -MMD -MP -MF"pwm.d" -MT"pwm.o" -c -o "pwm.o" "../pwm.c"
../pwm.c: In function 'PWM_Timer0_Start':
../pwm.c:48: error: called object 'GPIO_setupPinDirection(1u, 3u, 1u)' is not a function
make: *** [pwm.o] Error 1
"make all" terminated with exit code 2. Build might be incomplete.
??:??:?? **** Incremental Build of configuration Debug for project MINI_PROJECT_3 ****
make all 
Building file: ../pwm.c
Invoking: AVR Compiler
avr-gcc -Wall -g2 -gstabs -O0 -fpack-struct -fshort-enums -ffunction-sections -fdata-sections -std=gnu99 -funsigned-char -funsigned-bitfields -mmcu=atmega16 -DF_CPU=1000000UL -MMD -MP -MF"pwm.d" -MT"pwm.o" -c -o "pwm.o" "../pwm.c"
../pwm.c: In function 'PWM_Timer0_Start':
../pwm.c:48: error: called object 'GPIO_setupPinDirection(1u, 3u, 1u)' is not a function
make: *** [pwm.o] Error 1
"make all" terminated with exit code 2. Build might be incomplete.
??:??:?? **** Incremental Build of configuration Debug for project MINI_PROJECT_3 ****
make all 
Building file: ../pwm.c
Invoking: AVR Compiler
avr-gcc -Wall -g2 -gstabs -O0 -fpack-struct -fshort-enums -ffunction-sections -fdata-sections -std=gnu99 -funsigned-char -funsigned-bitfields -mmcu=atmega16 -DF_CPU=1000000UL -MMD -MP -MF"pwm.d" -MT"pwm.o" -c -o "pwm.o" "../pwm.c"
../pwm.c: In function 'PWM_Timer0_Start':
../pwm.c:48: error: called object 'GPIO_setupPinDirection(1u, 3u, 1u)' is not a function
make: *** [pwm.o] Error 1
"make all" terminated with exit code 2. Build might be incomplete.
??:??:?? **** Incremental Build of configuration Debug for project MINI_PROJECT_3 ****
make all 
Building file: ../pwm.c
Invoking: AVR Compiler
avr-gcc -Wall -g2 -gstabs -O0 -fpack-struct -fshort-enums -ffunction-sections -fdata-sections -std=gnu99 -funsigned-char -funsigned-bitfields -mmcu=atmega16 -DF_CPU=1000000UL -MMD -MP -MF"pwm.d" -MT"pwm.o" -c -o "pwm.o" "../pwm.c"
../pwm.c: In function 'PWM_Timer0_Start':
../pwm.c:48: error: called object 'GPIO_setupPinDirection(1u, 3u, 1u)' is not a function
make: *** [pwm.o] Error 1
"make all" terminated with exit code 2. Build might be incomplete.
??:??:?? **** Incremental Build of configuration Debug for project MINI_PROJECT_3 ****
make all 
Building file: ../pwm.c
Invoking: AVR Compiler
avr-gcc -Wall -g2 -gstabs -O0 -fpack-struct -fshort-enums -ffunction-sections -fdata-sections -std=gnu99 -funsigned-char -funsigned-bitfields -mmcu=atmega16 -DF_CPU=1000000UL -MMD -MP -MF"pwm.d" -MT"pwm.o" -c -o "pwm.o" "../pwm.c"
../pwm.c: In function 'PWM_Timer0_Start':
../pwm.c:48: error: called object 'GPIO_setupPinDirection(1u, 3u, 1u)' is not a function
make: *** [pwm.o] Error 1
"make all" terminated with exit code 2. Build might be incomplete.
??:??:?? **** Incremental Build of configuration Debug for project MINI_PROJECT_3 ****
make all 
Building file: ../pwm.c
Invoking: AVR Compiler
avr-gcc -Wall -g2 -gstabs -O0 -fpack-struct -fshort-enums -ffunction-sections -fdata-sections -std=gnu99 -funsigned-char -funsigned-bitfields -mmcu=atmega16 -DF_CPU=1000000UL -MMD -MP -MF"pwm.d" -MT"pwm.o" -c -o "pwm.o" "../pwm.c"
Finished building: ../pwm.c
 
Building target: MINI_PROJECT_3.elf
Invoking: AVR C Linker
avr-gcc -Wl,-Map,MINI_PROJECT_3.map -mmcu=atmega16 -o "MINI_PROJECT_3.elf"  ./.metadata/.plugins/org.eclipse.cdt.make.core/specs.o  ./ADC_DRIVER.o ./DC_motor.o ./application.o ./gpio.o ./lcd.o ./lm35_sensor.o ./pwm.o   
Finished building target: MINI_PROJECT_3.elf
 
Invoking: AVR Create Extended Listing
avr-objdump -h -S MINI_PROJECT_3.elf  >"MINI_PROJECT_3.lss"
Finished building: MINI_PROJECT_3.lss
 
Invoking: Print Size
avr-size --format=avr --mcu=atmega16 MINI_PROJECT_3.elf
AVR Memory Usage
----------------
Device: atmega16

Program:    9346 bytes (57.0% Full)
(.text + .data + .bootloader)

Data:        296 bytes (28.9% Full)
(.data + .bss + .noinit)


Finished building: sizedummy
 
??:??:?? **** Incremental Build of configuration Debug for project MINI_PROJECT_3 ****
make all 
Invoking: Print Size
avr-size --format=avr --mcu=atmega16 MINI_PROJECT_3.elf
AVR Memory Usage
----------------
Device: atmega16

Program:    9346 bytes (57.0% Full)
(.text + .data + .bootloader)

Data:        296 bytes (28.9% Full)
(.data + .bss + .noinit)


Finished building: sizedummy
 
??:??:?? **** Incremental Build of configuration Debug for project MINI_PROJECT_3 ****
make all 
Invoking: Print Size
avr-size --format=avr --mcu=atmega16 MINI_PROJECT_3.elf
AVR Memory Usage
----------------
Device: atmega16

Program:    9346 bytes (57.0% Full)
(.text + .data + .bootloader)

Data:        296 bytes (28.9% Full)
(.data + .bss + .noinit)


Finished building: sizedummy
 
??:??:?? **** Incremental Build of configuration Debug for project MINI_PROJECT_3 ****
make all 
Invoking: Print Size
avr-size --format=avr --mcu=atmega16 MINI_PROJECT_3.elf
AVR Memory Usage
----------------
Device: atmega16

Program:    9346 bytes (57.0% Full)
(.text + .data + .bootloader)

Data:        296 bytes (28.9% Full)
(.data + .bss + .noinit)


Finished building: sizedummy
 
??:??:?? **** Incremental Build of configuration Debug for project MINI_PROJECT_3 ****
make all 
Invoking: Print Size
avr-size --format=avr --mcu=atmega16 MINI_PROJECT_3.elf
AVR Memory Usage
----------------
Device: atmega16

Program:    9346 bytes (57.0% Full)
(.text + .data + .bootloader)

Data:        296 bytes (28.9% Full)
(.data + .bss + .noinit)


Finished building: sizedummy
 
??:??:?? **** Incremental Build of configuration Debug for project MINI_PROJECT_3 ****
make all 
Building file: ../application.c
Invoking: AVR Compiler
avr-gcc -Wall -g2 -gstabs -O0 -fpack-struct -fshort-enums -ffunction-sections -fdata-sections -std=gnu99 -funsigned-char -funsigned-bitfields -mmcu=atmega16 -DF_CPU=1000000UL -MMD -MP -MF"application.d" -MT"application.o" -c -o "application.o" "../application.c"
Finished building: ../application.c
 
Building target: MINI_PROJECT_3.elf
Invoking: AVR C Linker
avr-gcc -Wl,-Map,MINI_PROJECT_3.map -mmcu=atmega16 -o "MINI_PROJECT_3.elf"  ./.metadata/.plugins/org.eclipse.cdt.make.core/specs.o  ./ADC_DRIVER.o ./DC_motor.o ./application.o ./gpio.o ./lcd.o ./lm35_sensor.o ./pwm.o   
Finished building target: MINI_PROJECT_3.elf
 
Invoking: AVR Create Extended Listing
avr-objdump -h -S MINI_PROJECT_3.elf  >"MINI_PROJECT_3.lss"
Finished building: MINI_PROJECT_3.lss
 
Invoking: Print Size
avr-size --format=avr --mcu=atmega16 MINI_PROJECT_3.elf
AVR Memory Usage
----------------
Device: atmega16

Program:    9340 bytes (57.0% Full)
(.text + .data + .bootloader)

Data:        294 bytes (28.7% Full)
(.data + .bss + .noinit)


Finished building: sizedummy
 
??:??:?? **** Incremental Build of configuration Debug for project MINI_PROJECT_3 ****
make all 
Building file: ../application.c
Invoking: AVR Compiler
avr-gcc -Wall -g2 -gstabs -O0 -fpack-struct -fshort-enums -ffunction-sections -fdata-sections -std=gnu99 -funsigned-char -funsigned-bitfields -mmcu=atmega16 -DF_CPU=1000000UL -MMD -MP -MF"application.d" -MT"application.o" -c -o "application.o" "../application.c"
Finished building: ../application.c
 
Building target: MINI_PROJECT_3.elf
Invoking: AVR C Linker
avr-gcc -Wl,-Map,MINI_PROJECT_3.map -mmcu=atmega16 -o "MINI_PROJECT_3.elf"  ./.metadata/.plugins/org.eclipse.cdt.make.core/specs.o  ./ADC_DRIVER.o ./DC_motor.o ./application.o ./gpio.o ./lcd.o ./lm35_sensor.o ./pwm.o   
Finished building target: MINI_PROJECT_3.elf
 
Invoking: AVR Create Extended Listing
avr-objdump -h -S MINI_PROJECT_3.elf  >"MINI_PROJECT_3.lss"
Finished building: MINI_PROJECT_3.lss
 
Invoking: Print Size
avr-size --format=avr --mcu=atmega16 MINI_PROJECT_3.elf
AVR Memory Usage
----------------
Device: atmega16

Program:    9314 bytes (56.8% Full)
(.text + .data + .bootloader)

Data:        292 bytes (28.5% Full)
(.data + .bss + .noinit)


Finished building: sizedummy
 
??:??:?? **** Incremental Build of configuration Debug for project MINI_PROJECT_3 ****
make all 
Building file: ../application.c
Invoking: AVR Compiler
avr-gcc -Wall -g2 -gstabs -O0 -fpack-struct -fshort-enums -ffunction-sections -fdata-sections -std=gnu99 -funsigned-char -funsigned-bitfields -mmcu=atmega16 -DF_CPU=1000000UL -MMD -MP -MF"application.d" -MT"application.o" -c -o "application.o" "../application.c"
Finished building: ../application.c
 
Building target: MINI_PROJECT_3.elf
Invoking: AVR C Linker
avr-gcc -Wl,-Map,MINI_PROJECT_3.map -mmcu=atmega16 -o "MINI_PROJECT_3.elf"  ./.metadata/.plugins/org.eclipse.cdt.make.core/specs.o  ./ADC_DRIVER.o ./DC_motor.o ./application.o ./gpio.o ./lcd.o ./lm35_sensor.o ./pwm.o   
Finished building target: MINI_PROJECT_3.elf
 
Invoking: AVR Create Extended Listing
avr-objdump -h -S MINI_PROJECT_3.elf  >"MINI_PROJECT_3.lss"
Finished building: MINI_PROJECT_3.lss
 
Invoking: Print Size
avr-size --format=avr --mcu=atmega16 MINI_PROJECT_3.elf
AVR Memory Usage
----------------
Device: atmega16

Program:    9314 bytes (56.8% Full)
(.text + .data + .bootloader)

Data:        292 bytes (28.5% Full)
(.data + .bss + .noinit)


Finished building: sizedummy
 
??:??:?? **** Incremental Build of configuration Debug for project MINI_PROJECT_3 ****
make all 
Building file: ../application.c
Invoking: AVR Compiler
avr-gcc -Wall -g2 -gstabs -O0 -fpack-struct -fshort-enums -ffunction-sections -fdata-sections -std=gnu99 -funsigned-char -funsigned-bitfields -mmcu=atmega16 -DF_CPU=1000000UL -MMD -MP -MF"application.d" -MT"application.o" -c -o "application.o" "../application.c"
Finished building: ../application.c
 
Building target: MINI_PROJECT_3.elf
Invoking: AVR C Linker
avr-gcc -Wl,-Map,MINI_PROJECT_3.map -mmcu=atmega16 -o "MINI_PROJECT_3.elf"  ./.metadata/.plugins/org.eclipse.cdt.make.core/specs.o  ./ADC_DRIVER.o ./DC_motor.o ./application.o ./gpio.o ./lcd.o ./lm35_sensor.o ./pwm.o   
Finished building target: MINI_PROJECT_3.elf
 
Invoking: AVR Create Extended Listing
avr-objdump -h -S MINI_PROJECT_3.elf  >"MINI_PROJECT_3.lss"
Finished building: MINI_PROJECT_3.lss
 
Invoking: Print Size
avr-size --format=avr --mcu=atmega16 MINI_PROJECT_3.elf
AVR Memory Usage
----------------
Device: atmega16

Program:    9314 bytes (56.8% Full)
(.text + .data + .bootloader)

Data:        292 bytes (28.5% Full)
(.data + .bss + .noinit)


Finished building: sizedummy
 
??:??:?? **** Incremental Build of configuration Debug for project MINI_PROJECT_3 ****
make all 
Building file: ../application.c
Invoking: AVR Compiler
avr-gcc -Wall -g2 -gstabs -O0 -fpack-struct -fshort-enums -ffunction-sections -fdata-sections -std=gnu99 -funsigned-char -funsigned-bitfields -mmcu=atmega16 -DF_CPU=1000000UL -MMD -MP -MF"application.d" -MT"application.o" -c -o "application.o" "../application.c"
Finished building: ../application.c
 
Building target: MINI_PROJECT_3.elf
Invoking: AVR C Linker
avr-gcc -Wl,-Map,MINI_PROJECT_3.map -mmcu=atmega16 -o "MINI_PROJECT_3.elf"  ./.metadata/.plugins/org.eclipse.cdt.make.core/specs.o  ./ADC_DRIVER.o ./DC_motor.o ./application.o ./gpio.o ./lcd.o ./lm35_sensor.o ./pwm.o   
Finished building target: MINI_PROJECT_3.elf
 
Invoking: AVR Create Extended Listing
avr-objdump -h -S MINI_PROJECT_3.elf  >"MINI_PROJECT_3.lss"
Finished building: MINI_PROJECT_3.lss
 
Invoking: Print Size
avr-size --format=avr --mcu=atmega16 MINI_PROJECT_3.elf
AVR Memory Usage
----------------
Device: atmega16

Program:    9316 bytes (56.9% Full)
(.text + .data + .bootloader)

Data:        294 bytes (28.7% Full)
(.data + .bss + .noinit)


Finished building: sizedummy
 
??:??:?? **** Incremental Build of configuration Debug for project MINI_PROJECT_3 ****
make all 
Building file: ../application.c
Invoking: AVR Compiler
avr-gcc -Wall -g2 -gstabs -O0 -fpack-struct -fshort-enums -ffunction-sections -fdata-sections -std=gnu99 -funsigned-char -funsigned-bitfields -mmcu=atmega16 -DF_CPU=1000000UL -MMD -MP -MF"application.d" -MT"application.o" -c -o "application.o" "../application.c"
Finished building: ../application.c
 
Building target: MINI_PROJECT_3.elf
Invoking: AVR C Linker
avr-gcc -Wl,-Map,MINI_PROJECT_3.map -mmcu=atmega16 -o "MINI_PROJECT_3.elf"  ./.metadata/.plugins/org.eclipse.cdt.make.core/specs.o  ./ADC_DRIVER.o ./DC_motor.o ./application.o ./gpio.o ./lcd.o ./lm35_sensor.o ./pwm.o   
Finished building target: MINI_PROJECT_3.elf
 
Invoking: AVR Create Extended Listing
avr-objdump -h -S MINI_PROJECT_3.elf  >"MINI_PROJECT_3.lss"
Finished building: MINI_PROJECT_3.lss
 
Invoking: Print Size
avr-size --format=avr --mcu=atmega16 MINI_PROJECT_3.elf
AVR Memory Usage
----------------
Device: atmega16

Program:    9314 bytes (56.8% Full)
(.text + .data + .bootloader)

Data:        292 bytes (28.5% Full)
(.data + .bss + .noinit)


Finished building: sizedummy
 
??:??:?? **** Incremental Build of configuration Debug for project MINI_PROJECT_3 ****
make all 
Building file: ../application.c
Invoking: AVR Compiler
avr-gcc -Wall -g2 -gstabs -O0 -fpack-struct -fshort-enums -ffunction-sections -fdata-sections -std=gnu99 -funsigned-char -funsigned-bitfields -mmcu=atmega16 -DF_CPU=1000000UL -MMD -MP -MF"application.d" -MT"application.o" -c -o "application.o" "../application.c"
Finished building: ../application.c
 
Building target: MINI_PROJECT_3.elf
Invoking: AVR C Linker
avr-gcc -Wl,-Map,MINI_PROJECT_3.map -mmcu=atmega16 -o "MINI_PROJECT_3.elf"  ./.metadata/.plugins/org.eclipse.cdt.make.core/specs.o  ./ADC_DRIVER.o ./DC_motor.o ./application.o ./gpio.o ./lcd.o ./lm35_sensor.o ./pwm.o   
Finished building target: MINI_PROJECT_3.elf
 
Invoking: AVR Create Extended Listing
avr-objdump -h -S MINI_PROJECT_3.elf  >"MINI_PROJECT_3.lss"
Finished building: MINI_PROJECT_3.lss
 
Invoking: Print Size
avr-size --format=avr --mcu=atmega16 MINI_PROJECT_3.elf
AVR Memory Usage
----------------
Device: atmega16

Program:    9314 bytes (56.8% Full)
(.text + .data + .bootloader)

Data:        292 bytes (28.5% Full)
(.data + .bss + .noinit)


Finished building: sizedummy
 
??:??:?? **** Incremental Build of configuration Debug for project MINI_PROJECT_3 ****
make all 
Building file: ../application.c
Invoking: AVR Compiler
avr-gcc -Wall -g2 -gstabs -O0 -fpack-struct -fshort-enums -ffunction-sections -fdata-sections -std=gnu99 -funsigned-char -funsigned-bitfields -mmcu=atmega16 -DF_CPU=1000000UL -MMD -MP -MF"application.d" -MT"application.o" -c -o "application.o" "../application.c"
Finished building: ../application.c
 
Building target: MINI_PROJECT_3.elf
Invoking: AVR C Linker
avr-gcc -Wl,-Map,MINI_PROJECT_3.map -mmcu=atmega16 -o "MINI_PROJECT_3.elf"  ./.metadata/.plugins/org.eclipse.cdt.make.core/specs.o  ./ADC_DRIVER.o ./DC_motor.o ./application.o ./gpio.o ./lcd.o ./lm35_sensor.o ./pwm.o   
Finished building target: MINI_PROJECT_3.elf
 
Invoking: AVR Create Extended Listing
avr-objdump -h -S MINI_PROJECT_3.elf  >"MINI_PROJECT_3.lss"
Finished building: MINI_PROJECT_3.lss
 
Invoking: Print Size
avr-size --format=avr --mcu=atmega16 MINI_PROJECT_3.elf
AVR Memory Usage
----------------
Device: atmega16

Program:    9314 bytes (56.8% Full)
(.text + .data + .bootloader)

Data:        292 bytes (28.5% Full)
(.data + .bss + .noinit)


Finished building: sizedummy
 
??:??:?? **** Incremental Build of configuration Debug for project MINI_PROJECT_3 ****
make all 
Building file: ../application.c
Invoking: AVR Compiler
avr-gcc -Wall -g2 -gstabs -O0 -fpack-struct -fshort-enums -ffunction-sections -fdata-sections -std=gnu99 -funsigned-char -funsigned-bitfields -mmcu=atmega16 -DF_CPU=1000000UL -MMD -MP -MF"application.d" -MT"application.o" -c -o "application.o" "../application.c"
Finished building: ../application.c
 
Building target: MINI_PROJECT_3.elf
Invoking: AVR C Linker
avr-gcc -Wl,-Map,MINI_PROJECT_3.map -mmcu=atmega16 -o "MINI_PROJECT_3.elf"  ./.metadata/.plugins/org.eclipse.cdt.make.core/specs.o  ./ADC_DRIVER.o ./DC_motor.o ./application.o ./gpio.o ./lcd.o ./lm35_sensor.o ./pwm.o   
Finished building target: MINI_PROJECT_3.elf
 
Invoking: AVR Create Extended Listing
avr-objdump -h -S MINI_PROJECT_3.elf  >"MINI_PROJECT_3.lss"
Finished building: MINI_PROJECT_3.lss
 
Invoking: Print Size
avr-size --format=avr --mcu=atmega16 MINI_PROJECT_3.elf
AVR Memory Usage
----------------
Device: atmega16

Program:    9316 bytes (56.9% Full)
(.text + .data + .bootloader)

Data:        294 bytes (28.7% Full)
(.data + .bss + .noinit)


Finished building: sizedummy
 
??:??:?? **** Incremental Build of configuration Debug for project MINI_PROJECT_3 ****
make all 
Building file: ../ADC_DRIVER.c
Invoking: AVR Compiler
avr-gcc -Wall -g2 -gstabs -O0 -fpack-struct -fshort-enums -ffunction-sections -fdata-sections -std=gnu99 -funsigned-char -funsigned-bitfields -mmcu=atmega16 -DF_CPU=1000000UL -MMD -MP -MF"ADC_DRIVER.d" -MT"ADC_DRIVER.o" -c -o "ADC_DRIVER.o" "../ADC_DRIVER.c"
Finished building: ../ADC_DRIVER.c
 
Building file: ../application.c
Invoking: AVR Compiler
avr-gcc -Wall -g2 -gstabs -O0 -fpack-struct -fshort-enums -ffunction-sections -fdata-sections -std=gnu99 -funsigned-char -funsigned-bitfields -mmcu=atmega16 -DF_CPU=1000000UL -MMD -MP -MF"application.d" -MT"application.o" -c -o "application.o" "../application.c"
Finished building: ../application.c
 
Building file: ../lm35_sensor.c
Invoking: AVR Compiler
avr-gcc -Wall -g2 -gstabs -O0 -fpack-struct -fshort-enums -ffunction-sections -fdata-sections -std=gnu99 -funsigned-char -funsigned-bitfields -mmcu=atmega16 -DF_CPU=1000000UL -MMD -MP -MF"lm35_sensor.d" -MT"lm35_sensor.o" -c -o "lm35_sensor.o" "../lm35_sensor.c"
Finished building: ../lm35_sensor.c
 
Building file: ../pwm.c
Invoking: AVR Compiler
avr-gcc -Wall -g2 -gstabs -O0 -fpack-struct -fshort-enums -ffunction-sections -fdata-sections -std=gnu99 -funsigned-char -funsigned-bitfields -mmcu=atmega16 -DF_CPU=1000000UL -MMD -MP -MF"pwm.d" -MT"pwm.o" -c -o "pwm.o" "../pwm.c"
../pwm.c: In function 'PWM_Timer0_Start':
../pwm.c:48: error: called object 'GPIO_setupPinDirection(1u, 3u, 1u)' is not a function
make: *** [pwm.o] Error 1
"make all" terminated with exit code 2. Build might be incomplete.
??:??:?? **** Incremental Build of configuration Debug for project MINI_PROJECT_3 ****
make all 
Building file: ../pwm.c
Invoking: AVR Compiler
avr-gcc -Wall -g2 -gstabs -O0 -fpack-struct -fshort-enums -ffunction-sections -fdata-sections -std=gnu99 -funsigned-char -funsigned-bitfields -mmcu=atmega16 -DF_CPU=1000000UL -MMD -MP -MF"pwm.d" -MT"pwm.o" -c -o "pwm.o" "../pwm.c"
../pwm.c: In function 'PWM_Timer0_Start':
../pwm.c:48: error: called object 'GPIO_setupPinDirection(1u, 3u, 1u)' is not a function
make: *** [pwm.o] Error 1
"make all" terminated with exit code 2. Build might be incomplete.
??:??:?? **** Incremental Build of configuration Debug for project MINI_PROJECT_3 ****
make all 
Building file: ../pwm.c
Invoking: AVR Compiler
avr-gcc -Wall -g2 -gstabs -O0 -fpack-struct -fshort-enums -ffunction-sections -fdata-sections -std=gnu99 -funsigned-char -funsigned-bitfields -mmcu=atmega16 -DF_CPU=1000000UL -MMD -MP -MF"pwm.d" -MT"pwm.o" -c -o "pwm.o" "../pwm.c"
../pwm.c: In function 'PWM_Timer0_Start':
../pwm.c:48: error: called object 'GPIO_setupPinDirection(1u, 3u, 1u)' is not a function
make: *** [pwm.o] Error 1
"make all" terminated with exit code 2. Build might be incomplete.
??:??:?? **** Incremental Build of configuration Debug for project MINI_PROJECT_3 ****
make all 
Building file: ../pwm.c
Invoking: AVR Compiler
avr-gcc -Wall -g2 -gstabs -O0 -fpack-struct -fshort-enums -ffunction-sections -fdata-sections -std=gnu99 -funsigned-char -funsigned-bitfields -mmcu=atmega16 -DF_CPU=1000000UL -MMD -MP -MF"pwm.d" -MT"pwm.o" -c -o "pwm.o" "../pwm.c"
Finished building: ../pwm.c
 
Building target: MINI_PROJECT_3.elf
Invoking: AVR C Linker
avr-gcc -Wl,-Map,MINI_PROJECT_3.map -mmcu=atmega16 -o "MINI_PROJECT_3.elf"  ./.metadata/.plugins/org.eclipse.cdt.make.core/specs.o  ./ADC_DRIVER.o ./DC_motor.o ./application.o ./gpio.o ./lcd.o ./lm35_sensor.o ./pwm.o   
Finished building target: MINI_PROJECT_3.elf
 
Invoking: AVR Create Extended Listing
avr-objdump -h -S MINI_PROJECT_3.elf  >"MINI_PROJECT_3.lss"
Finished building: MINI_PROJECT_3.lss
 
Invoking: Print Size
avr-size --format=avr --mcu=atmega16 MINI_PROJECT_3.elf
AVR Memory Usage
----------------
Device: atmega16

Program:    9316 bytes (56.9% Full)
(.text + .data + .bootloader)

Data:        294 bytes (28.7% Full)
(.data + .bss + .noinit)


Finished building: sizedummy
 
??:??:?? **** Incremental Build of configuration Debug for project MINI_PROJECT_3 ****
make all 
Invoking: Print Size
avr-size --format=avr --mcu=atmega16 MINI_PROJECT_3.elf
AVR Memory Usage
----------------
Device: atmega16

Program:    9316 bytes (56.9% Full)
(.text + .data + .bootloader)

Data:        294 bytes (28.7% Full)
(.data + .bss + .noinit)


Finished building: sizedummy
 
??:??:?? **** Incremental Build of configuration Debug for project MINI_PROJECT_3 ****
make all 
Building file: ../pwm.c
Invoking: AVR Compiler
avr-gcc -Wall -g2 -gstabs -O0 -fpack-struct -fshort-enums -ffunction-sections -fdata-sections -std=gnu99 -funsigned-char -funsigned-bitfields -mmcu=atmega16 -DF_CPU=1000000UL -MMD -MP -MF"pwm.d" -MT"pwm.o" -c -o "pwm.o" "../pwm.c"
../pwm.c: In function 'PWM_Timer0_Start':
../pwm.c:48: error: called object 'GPIO_setupPinDirection(1u, 3u, 1u)' is not a function
make: *** [pwm.o] Error 1
"make all" terminated with exit code 2. Build might be incomplete.
??:??:?? **** Incremental Build of configuration Debug for project MINI_PROJECT_3 ****
make all 
Building file: ../pwm.c
Invoking: AVR Compiler
avr-gcc -Wall -g2 -gstabs -O0 -fpack-struct -fshort-enums -ffunction-sections -fdata-sections -std=gnu99 -funsigned-char -funsigned-bitfields -mmcu=atmega16 -DF_CPU=1000000UL -MMD -MP -MF"pwm.d" -MT"pwm.o" -c -o "pwm.o" "../pwm.c"
Finished building: ../pwm.c
 
Building target: MINI_PROJECT_3.elf
Invoking: AVR C Linker
avr-gcc -Wl,-Map,MINI_PROJECT_3.map -mmcu=atmega16 -o "MINI_PROJECT_3.elf"  ./.metadata/.plugins/org.eclipse.cdt.make.core/specs.o  ./ADC_DRIVER.o ./DC_motor.o ./application.o ./gpio.o ./lcd.o ./lm35_sensor.o ./pwm.o   
Finished building target: MINI_PROJECT_3.elf
 
Invoking: AVR Create Extended Listing
avr-objdump -h -S MINI_PROJECT_3.elf  >"MINI_PROJECT_3.lss"
Finished building: MINI_PROJECT_3.lss
 
Invoking: Print Size
avr-size --format=avr --mcu=atmega16 MINI_PROJECT_3.elf
AVR Memory Usage
----------------
Device: atmega16

Program:    9316 bytes (56.9% Full)
(.text + .data + .bootloader)

Data:        294 bytes (28.7% Full)
(.data + .bss + .noinit)


Finished building: sizedummy
 
??:??:?? **** Incremental Build of configuration Debug for project MINI_PROJECT_3 ****
make all 
Invoking: Print Size
avr-size --format=avr --mcu=atmega16 MINI_PROJECT_3.elf
AVR Memory Usage
----------------
Device: atmega16

Program:    9316 bytes (56.9% Full)
(.text + .data + .bootloader)

Data:        294 bytes (28.7% Full)
(.data + .bss + .noinit)


Finished building: sizedummy
 
??:??:?? **** Incremental Build of configuration Debug for project MINI_PROJECT_3 ****
make all 
Building file: ../pwm.c
Invoking: AVR Compiler
avr-gcc -Wall -g2 -gstabs -O0 -fpack-struct -fshort-enums -ffunction-sections -fdata-sections -std=gnu99 -funsigned-char -funsigned-bitfields -mmcu=atmega16 -DF_CPU=1000000UL -MMD -MP -MF"pwm.d" -MT"pwm.o" -c -o "pwm.o" "../pwm.c"
../pwm.c: In function 'PWM_Timer0_Start':
../pwm.c:49: error: called object 'GPIO_setupPinDirection(1u, 3u, 1u)' is not a function
make: *** [pwm.o] Error 1
"make all" terminated with exit code 2. Build might be incomplete.
??:??:?? **** Incremental Build of configuration Debug for project MINI_PROJECT_3 ****
make all 
Building file: ../pwm.c
Invoking: AVR Compiler
avr-gcc -Wall -g2 -gstabs -O0 -fpack-struct -fshort-enums -ffunction-sections -fdata-sections -std=gnu99 -funsigned-char -funsigned-bitfields -mmcu=atmega16 -DF_CPU=1000000UL -MMD -MP -MF"pwm.d" -MT"pwm.o" -c -o "pwm.o" "../pwm.c"
Finished building: ../pwm.c
 
Building target: MINI_PROJECT_3.elf
Invoking: AVR C Linker
avr-gcc -Wl,-Map,MINI_PROJECT_3.map -mmcu=atmega16 -o "MINI_PROJECT_3.elf"  ./.metadata/.plugins/org.eclipse.cdt.make.core/specs.o  ./ADC_DRIVER.o ./DC_motor.o ./application.o ./gpio.o ./lcd.o ./lm35_sensor.o ./pwm.o   
Finished building target: MINI_PROJECT_3.elf
 
Invoking: AVR Create Extended Listing
avr-objdump -h -S MINI_PROJECT_3.elf  >"MINI_PROJECT_3.lss"
Finished building: MINI_PROJECT_3.lss
 
Invoking: Print Size
avr-size --format=avr --mcu=atmega16 MINI_PROJECT_3.elf
AVR Memory Usage
----------------
Device: atmega16

Program:    9316 bytes (56.9% Full)
(.text + .data + .bootloader)

Data:        294 bytes (28.7% Full)
(.data + .bss + .noinit)


Finished building: sizedummy
 
??:??:?? **** Incremental Build of configuration Debug for project MINI_PROJECT_3 ****
make all 
Building file: ../pwm.c
Invoking: AVR Compiler
avr-gcc -Wall -g2 -gstabs -O0 -fpack-struct -fshort-enums -ffunction-sections -fdata-sections -std=gnu99 -funsigned-char -funsigned-bitfields -mmcu=atmega16 -DF_CPU=1000000UL -MMD -MP -MF"pwm.d" -MT"pwm.o" -c -o "pwm.o" "../pwm.c"
../pwm.c: In function 'PWM_Timer0_Start':
../pwm.c:48: error: called object 'GPIO_setupPinDirection(1u, 3u, 1u)' is not a function
make: *** [pwm.o] Error 1
"make all" terminated with exit code 2. Build might be incomplete.
??:??:?? **** Incremental Build of configuration Debug for project MINI_PROJECT_3 ****
make all 
Building file: ../pwm.c
Invoking: AVR Compiler
avr-gcc -Wall -g2 -gstabs -O0 -fpack-struct -fshort-enums -ffunction-sections -fdata-sections -std=gnu99 -funsigned-char -funsigned-bitfields -mmcu=atmega16 -DF_CPU=1000000UL -MMD -MP -MF"pwm.d" -MT"pwm.o" -c -o "pwm.o" "../pwm.c"
../pwm.c: In function 'PWM_Timer0_Start':
../pwm.c:48: error: called object 'GPIO_setupPinDirection(1u, 3u, 1u)' is not a function
make: *** [pwm.o] Error 1
"make all" terminated with exit code 2. Build might be incomplete.
??:??:?? **** Incremental Build of configuration Debug for project MINI_PROJECT_3 ****
make all 
Building file: ../application.c
Invoking: AVR Compiler
avr-gcc -Wall -g2 -gstabs -O0 -fpack-struct -fshort-enums -ffunction-sections -fdata-sections -std=gnu99 -funsigned-char -funsigned-bitfields -mmcu=atmega16 -DF_CPU=1000000UL -MMD -MP -MF"application.d" -MT"application.o" -c -o "application.o" "../application.c"
../application.c: In function 'main':
../application.c:25: error: 'ADC_ConfigType' undeclared (first use in this function)
../application.c:25: error: (Each undeclared identifier is reported only once
../application.c:25: error: for each function it appears in.)
../application.c:25: error: expected ';' before 'ConfigType'
../application.c:26: error: 'ConfigType' undeclared (first use in this function)
../application.c:26: error: 'Internal' undeclared (first use in this function)
../application.c:27: error: 'F_CPU_8' undeclared (first use in this function)
../application.c:28: error: 'Config_ptr' undeclared (first use in this function)
../application.c:29: warning: implicit declaration of function 'ADC_init'
make: *** [application.o] Error 1
"make all" terminated with exit code 2. Build might be incomplete.
??:??:?? **** Incremental Build of configuration Debug for project MINI_PROJECT_3 ****
make all 
Building file: ../application.c
Invoking: AVR Compiler
avr-gcc -Wall -g2 -gstabs -O0 -fpack-struct -fshort-enums -ffunction-sections -fdata-sections -std=gnu99 -funsigned-char -funsigned-bitfields -mmcu=atmega16 -DF_CPU=1000000UL -MMD -MP -MF"application.d" -MT"application.o" -c -o "application.o" "../application.c"
Finished building: ../application.c
 
Building file: ../pwm.c
Invoking: AVR Compiler
avr-gcc -Wall -g2 -gstabs -O0 -fpack-struct -fshort-enums -ffunction-sections -fdata-sections -std=gnu99 -funsigned-char -funsigned-bitfields -mmcu=atmega16 -DF_CPU=1000000UL -MMD -MP -MF"pwm.d" -MT"pwm.o" -c -o "pwm.o" "../pwm.c"
../pwm.c: In function 'PWM_Timer0_Start':
../pwm.c:48: error: called object 'GPIO_setupPinDirection(1u, 3u, 1u)' is not a function
make: *** [pwm.o] Error 1
"make all" terminated with exit code 2. Build might be incomplete.
??:??:?? **** Incremental Build of configuration Debug for project MINI_PROJECT_3 ****
make all 
Building file: ../application.c
Invoking: AVR Compiler
avr-gcc -Wall -g2 -gstabs -O0 -fpack-struct -fshort-enums -ffunction-sections -fdata-sections -std=gnu99 -funsigned-char -funsigned-bitfields -mmcu=atmega16 -DF_CPU=1000000UL -MMD -MP -MF"application.d" -MT"application.o" -c -o "application.o" "../application.c"
Finished building: ../application.c
 
Building file: ../pwm.c
Invoking: AVR Compiler
avr-gcc -Wall -g2 -gstabs -O0 -fpack-struct -fshort-enums -ffunction-sections -fdata-sections -std=gnu99 -funsigned-char -funsigned-bitfields -mmcu=atmega16 -DF_CPU=1000000UL -MMD -MP -MF"pwm.d" -MT"pwm.o" -c -o "pwm.o" "../pwm.c"
../pwm.c: In function 'PWM_Timer0_Start':
../pwm.c:48: error: called object 'GPIO_setupPinDirection(1u, 3u, 1u)' is not a function
make: *** [pwm.o] Error 1
"make all" terminated with exit code 2. Build might be incomplete.
??:??:?? **** Incremental Build of configuration Debug for project MINI_PROJECT_3 ****
make all 
Building file: ../pwm.c
Invoking: AVR Compiler
avr-gcc -Wall -g2 -gstabs -O0 -fpack-struct -fshort-enums -ffunction-sections -fdata-sections -std=gnu99 -funsigned-char -funsigned-bitfields -mmcu=atmega16 -DF_CPU=1000000UL -MMD -MP -MF"pwm.d" -MT"pwm.o" -c -o "pwm.o" "../pwm.c"
../pwm.c: In function 'PWM_Timer0_Start':
../pwm.c:48: error: called object 'GPIO_setupPinDirection(1u, 3u, 1u)' is not a function
make: *** [pwm.o] Error 1
"make all" terminated with exit code 2. Build might be incomplete.
??:??:?? **** Incremental Build of configuration Debug for project MINI_PROJECT_3 ****
make all 
Building file: ../pwm.c
Invoking: AVR Compiler
avr-gcc -Wall -g2 -gstabs -O0 -fpack-struct -fshort-enums -ffunction-sections -fdata-sections -std=gnu99 -funsigned-char -funsigned-bitfields -mmcu=atmega16 -DF_CPU=1000000UL -MMD -MP -MF"pwm.d" -MT"pwm.o" -c -o "pwm.o" "../pwm.c"
../pwm.c: In function 'PWM_Timer0_Start':
../pwm.c:48: error: called object 'GPIO_setupPinDirection(1u, 3u, 1u)' is not a function
make: *** [pwm.o] Error 1
"make all" terminated with exit code 2. Build might be incomplete.
??:??:?? **** Incremental Build of configuration Debug for project MINI_PROJECT_3 ****
make all 
Building file: ../pwm.c
Invoking: AVR Compiler
avr-gcc -Wall -g2 -gstabs -O0 -fpack-struct -fshort-enums -ffunction-sections -fdata-sections -std=gnu99 -funsigned-char -funsigned-bitfields -mmcu=atmega16 -DF_CPU=1000000UL -MMD -MP -MF"pwm.d" -MT"pwm.o" -c -o "pwm.o" "../pwm.c"
Finished building: ../pwm.c
 
Building target: MINI_PROJECT_3.elf
Invoking: AVR C Linker
avr-gcc -Wl,-Map,MINI_PROJECT_3.map -mmcu=atmega16 -o "MINI_PROJECT_3.elf"  ./.metadata/.plugins/org.eclipse.cdt.make.core/specs.o  ./ADC_DRIVER.o ./DC_motor.o ./application.o ./gpio.o ./lcd.o ./lm35_sensor.o ./pwm.o   
Finished building target: MINI_PROJECT_3.elf
 
Invoking: AVR Create Extended Listing
avr-objdump -h -S MINI_PROJECT_3.elf  >"MINI_PROJECT_3.lss"
Finished building: MINI_PROJECT_3.lss
 
Invoking: Print Size
avr-size --format=avr --mcu=atmega16 MINI_PROJECT_3.elf
AVR Memory Usage
----------------
Device: atmega16

Program:    9302 bytes (56.8% Full)
(.text + .data + .bootloader)

Data:        294 bytes (28.7% Full)
(.data + .bss + .noinit)


Finished building: sizedummy
 
??:??:?? **** Incremental Build of configuration Debug for project MINI_PROJECT_3 ****
make all 
Invoking: Print Size
avr-size --format=avr --mcu=atmega16 MINI_PROJECT_3.elf
AVR Memory Usage
----------------
Device: atmega16

Program:    9302 bytes (56.8% Full)
(.text + .data + .bootloader)

Data:        294 bytes (28.7% Full)
(.data + .bss + .noinit)


Finished building: sizedummy
 
??:??:?? **** Incremental Build of configuration Debug for project MINI_PROJECT_3 ****
make all 
Building file: ../pwm.c
Invoking: AVR Compiler
avr-gcc -Wall -g2 -gstabs -O0 -fpack-struct -fshort-enums -ffunction-sections -fdata-sections -std=gnu99 -funsigned-char -funsigned-bitfields -mmcu=atmega16 -DF_CPU=1000000UL -MMD -MP -MF"pwm.d" -MT"pwm.o" -c -o "pwm.o" "../pwm.c"
../pwm.c: In function 'PWM_Timer0_Start':
../pwm.c:48: error: called object 'GPIO_setupPinDirection(1u, 3u, 1u)' is not a function
make: *** [pwm.o] Error 1
"make all" terminated with exit code 2. Build might be incomplete.
??:??:?? **** Incremental Build of configuration Debug for project MINI_PROJECT_3 ****
make all 
Building file: ../pwm.c
Invoking: AVR Compiler
avr-gcc -Wall -g2 -gstabs -O0 -fpack-struct -fshort-enums -ffunction-sections -fdata-sections -std=gnu99 -funsigned-char -funsigned-bitfields -mmcu=atmega16 -DF_CPU=1000000UL -MMD -MP -MF"pwm.d" -MT"pwm.o" -c -o "pwm.o" "../pwm.c"
Finished building: ../pwm.c
 
Building target: MINI_PROJECT_3.elf
Invoking: AVR C Linker
avr-gcc -Wl,-Map,MINI_PROJECT_3.map -mmcu=atmega16 -o "MINI_PROJECT_3.elf"  ./.metadata/.plugins/org.eclipse.cdt.make.core/specs.o  ./ADC_DRIVER.o ./DC_motor.o ./application.o ./gpio.o ./lcd.o ./lm35_sensor.o ./pwm.o   
Finished building target: MINI_PROJECT_3.elf
 
Invoking: AVR Create Extended Listing
avr-objdump -h -S MINI_PROJECT_3.elf  >"MINI_PROJECT_3.lss"
Finished building: MINI_PROJECT_3.lss
 
Invoking: Print Size
avr-size --format=avr --mcu=atmega16 MINI_PROJECT_3.elf
AVR Memory Usage
----------------
Device: atmega16

Program:    9312 bytes (56.8% Full)
(.text + .data + .bootloader)

Data:        294 bytes (28.7% Full)
(.data + .bss + .noinit)


Finished building: sizedummy
 
??:??:?? **** Incremental Build of configuration Debug for project MINI_PROJECT_3 ****
make all 
Building file: ../ADC_DRIVER.c
Invoking: AVR Compiler
avr-gcc -Wall -g2 -gstabs -O0 -fpack-struct -fshort-enums -ffunction-sections -fdata-sections -std=gnu99 -funsigned-char -funsigned-bitfields -mmcu=atmega16 -DF_CPU=1000000UL -MMD -MP -MF"ADC_DRIVER.d" -MT"ADC_DRIVER.o" -c -o "ADC_DRIVER.o" "../ADC_DRIVER.c"
Finished building: ../ADC_DRIVER.c
 
Building file: ../DC_motor.c
Invoking: AVR Compiler
avr-gcc -Wall -g2 -gstabs -O0 -fpack-struct -fshort-enums -ffunction-sections -fdata-sections -std=gnu99 -funsigned-char -funsigned-bitfields -mmcu=atmega16 -DF_CPU=1000000UL -MMD -MP -MF"DC_motor.d" -MT"DC_motor.o" -c -o "DC_motor.o" "../DC_motor.c"
Finished building: ../DC_motor.c
 
Building file: ../application.c
Invoking: AVR Compiler
avr-gcc -Wall -g2 -gstabs -O0 -fpack-struct -fshort-enums -ffunction-sections -fdata-sections -std=gnu99 -funsigned-char -funsigned-bitfields -mmcu=atmega16 -DF_CPU=1000000UL -MMD -MP -MF"application.d" -MT"application.o" -c -o "application.o" "../application.c"
Finished building: ../application.c
 
Building file: ../gpio.c
Invoking: AVR Compiler
avr-gcc -Wall -g2 -gstabs -O0 -fpack-struct -fshort-enums -ffunction-sections -fdata-sections -std=gnu99 -funsigned-char -funsigned-bitfields -mmcu=atmega16 -DF_CPU=1000000UL -MMD -MP -MF"gpio.d" -MT"gpio.o" -c -o "gpio.o" "../gpio.c"
Finished building: ../gpio.c
 
Building file: ../lm35_sensor.c
Invoking: AVR Compiler
avr-gcc -Wall -g2 -gstabs -O0 -fpack-struct -fshort-enums -ffunction-sections -fdata-sections -std=gnu99 -funsigned-char -funsigned-bitfields -mmcu=atmega16 -DF_CPU=1000000UL -MMD -MP -MF"lm35_sensor.d" -MT"lm35_sensor.o" -c -o "lm35_sensor.o" "../lm35_sensor.c"
Finished building: ../lm35_sensor.c
 
Building target: MINI_PROJECT_3.elf
Invoking: AVR C Linker
avr-gcc -Wl,-Map,MINI_PROJECT_3.map -mmcu=atmega16 -o "MINI_PROJECT_3.elf"  ./.metadata/.plugins/org.eclipse.cdt.make.core/specs.o  ./ADC_DRIVER.o ./DC_motor.o ./application.o ./gpio.o ./lcd.o ./lm35_sensor.o ./pwm.o   
Finished building target: MINI_PROJECT_3.elf
 
Invoking: AVR Create Extended Listing
avr-objdump -h -S MINI_PROJECT_3.elf  >"MINI_PROJECT_3.lss"
Finished building: MINI_PROJECT_3.lss
 
Invoking: Print Size
avr-size --format=avr --mcu=atmega16 MINI_PROJECT_3.elf
AVR Memory Usage
----------------
Device: atmega16

Program:    9312 bytes (56.8% Full)
(.text + .data + .bootloader)

Data:        294 bytes (28.7% Full)
(.data + .bss + .noinit)


Finished building: sizedummy
 
